12:53:15.587 [TestNG-tests-1] INFO  - browser name is: chrome
12:53:15.593 [TestNG-tests-1] INFO  - Running it on chrome browser....
12:53:15.593 [TestNG-tests-1] INFO  - running it on local
==
[INFO ] 2024-01-30 12:54:37.430 [TestNG-tests-1] DriverFactory - browser name is: chrome
[INFO ] 2024-01-30 12:54:37.436 [TestNG-tests-1] DriverFactory - Running it on chrome browser....
[INFO ] 2024-01-30 12:54:37.436 [TestNG-tests-1] DriverFactory - running it on local
[INFO ] 2024-01-30 14:45:37.507 [TestNG-tests-1] DriverFactory - browser name is: chrome
[INFO ] 2024-01-30 14:45:37.517 [TestNG-tests-1] DriverFactory - Running it on chrome browser....
[INFO ] 2024-01-30 14:45:37.518 [TestNG-tests-1] DriverFactory - running it on local
[INFO ] 2024-01-30 14:46:25.027 [TestNG-tests-1] DriverFactory - browser name is: chrome
[INFO ] 2024-01-30 14:46:25.033 [TestNG-tests-1] DriverFactory - Running it on chrome browser....
[INFO ] 2024-01-30 14:49:46.592 [TestNG-tests-1] DriverFactory - browser name is: chrome
[INFO ] 2024-01-30 14:49:46.636 [TestNG-tests-1] DriverFactory - Running it on chrome browser....
[INFO ] 2024-01-30 14:50:12.806 [TestNG-tests-1] DriverFactory - browser name is: chrome
[INFO ] 2024-01-30 14:50:12.815 [TestNG-tests-1] DriverFactory - Running it on chrome browser....
[INFO ] 2024-01-30 14:50:55.496 [TestNG-tests-2] DriverFactory - browser name is: chrome
[INFO ] 2024-01-30 14:50:55.496 [TestNG-tests-1] DriverFactory - browser name is: chrome
[INFO ] 2024-01-30 14:50:55.505 [TestNG-tests-2] DriverFactory - Running it on chrome browser....
[INFO ] 2024-01-30 14:50:55.505 [TestNG-tests-1] DriverFactory - Running it on chrome browser....
[INFO ] 2024-01-30 14:51:29.171 [TestNG-tests-1] DriverFactory - browser name is: chrome
[INFO ] 2024-01-30 14:51:29.171 [TestNG-tests-2] DriverFactory - browser name is: chrome
[INFO ] 2024-01-30 14:51:29.180 [TestNG-tests-1] DriverFactory - Running it on chrome browser....
[INFO ] 2024-01-30 14:51:29.198 [TestNG-tests-2] DriverFactory - Running it on chrome browser....
[INFO ] 2024-01-30 16:32:16.451 [TestNG-tests-1] DriverFactory - browser name is: chrome
[INFO ] 2024-01-30 16:32:16.452 [TestNG-tests-2] DriverFactory - browser name is: firefox
[INFO ] 2024-01-30 16:32:16.463 [TestNG-tests-2] DriverFactory - Running it on firefox browser....
[INFO ] 2024-01-30 16:32:16.463 [TestNG-tests-1] DriverFactory - Running it on chrome browser....
